This is pdfTeX, Version 3.1415926-2.4-1.40.13 (TeX Live 2012) (format=pdflatex 2012.6.30)  4 FEB 2013 10:48
entering extended mode
 restricted \write18 enabled.
 %&-line parsing enabled.
**rapport.tex
(./rapport.tex
LaTeX2e <2011/06/27>
Babel <v3.8m> and hyphenation patterns for english, dumylang, nohyphenation, ge
rman-x-2012-05-30, ngerman-x-2012-05-30, afrikaans, ancientgreek, ibycus, arabi
c, armenian, basque, bulgarian, catalan, pinyin, coptic, croatian, czech, danis
h, dutch, ukenglish, usenglishmax, esperanto, estonian, ethiopic, farsi, finnis
h, french, friulan, galician, german, ngerman, swissgerman, monogreek, greek, h
ungarian, icelandic, assamese, bengali, gujarati, hindi, kannada, malayalam, ma
rathi, oriya, panjabi, tamil, telugu, indonesian, interlingua, irish, italian, 
kurmanji, latin, latvian, lithuanian, mongolian, mongolianlmc, bokmal, nynorsk,
 polish, portuguese, romanian, romansh, russian, sanskrit, serbian, serbianc, s
lovak, slovenian, spanish, swedish, turkish, turkmen, ukrainian, uppersorbian, 
welsh, loaded.
(/usr/local/texlive/2012/texmf-dist/tex/latex/base/report.cls
Document Class: report 2007/10/19 v1.4h Standard LaTeX document class
(/usr/local/texlive/2012/texmf-dist/tex/latex/base/size10.clo
File: size10.clo 2007/10/19 v1.4h Standard LaTeX file (size option)
)
\c@part=\count79
\c@chapter=\count80
\c@section=\count81
\c@subsection=\count82
\c@subsubsection=\count83
\c@paragraph=\count84
\c@subparagraph=\count85
\c@figure=\count86
\c@table=\count87
\abovecaptionskip=\skip41
\belowcaptionskip=\skip42
\bibindent=\dimen102
)
(/usr/local/texlive/2012/texmf-dist/tex/latex/graphics/color.sty
Package: color 2005/11/14 v1.0j Standard LaTeX Color (DPC)

(/usr/local/texlive/2012/texmf-dist/tex/latex/latexconfig/color.cfg
File: color.cfg 2007/01/18 v1.5 color configuration of teTeX/TeXLive
)
Package color Info: Driver file: pdftex.def on input line 130.

(/usr/local/texlive/2012/texmf-dist/tex/latex/pdftex-def/pdftex.def
File: pdftex.def 2011/05/27 v0.06d Graphics/color for pdfTeX

(/usr/local/texlive/2012/texmf-dist/tex/generic/oberdiek/infwarerr.sty
Package: infwarerr 2010/04/08 v1.3 Providing info/warning/error messages (HO)
)
(/usr/local/texlive/2012/texmf-dist/tex/generic/oberdiek/ltxcmds.sty
Package: ltxcmds 2011/11/09 v1.22 LaTeX kernel commands for general use (HO)
)
\Gread@gobject=\count88
))
(/usr/local/texlive/2012/texmf-dist/tex/latex/base/inputenc.sty
Package: inputenc 2008/03/30 v1.1d Input encoding file
\inpenc@prehook=\toks14
\inpenc@posthook=\toks15

(/usr/local/texlive/2012/texmf-dist/tex/latex/ucs/utf8x.def
File: utf8x.def 2004/10/17 UCS: Input encoding UTF-8
))
(/usr/local/texlive/2012/texmf-dist/tex/latex/ucs/ucs.sty
Package: ucs 2004/10/17 UCS: Unicode input support

(/usr/local/texlive/2012/texmf-dist/tex/latex/ucs/data/uni-global.def
File: uni-global.def 2012/04/20 UCS: Unicode global data
)
\uc@secondtry=\count89
\uc@combtoks=\toks16
\uc@combtoksb=\toks17
\uc@temptokena=\toks18
)
(/usr/local/texlive/2012/texmf-dist/tex/latex/base/fontenc.sty
Package: fontenc 2005/09/27 v1.99g Standard LaTeX package

(/usr/local/texlive/2012/texmf-dist/tex/latex/base/t1enc.def
File: t1enc.def 2005/09/27 v1.99g Standard LaTeX file
LaTeX Font Info:    Redeclaring font encoding T1 on input line 43.
))
(/usr/local/texlive/2012/texmf-dist/tex/latex/geometry/geometry.sty
Package: geometry 2010/09/12 v5.6 Page Geometry

(/usr/local/texlive/2012/texmf-dist/tex/latex/graphics/keyval.sty
Package: keyval 1999/03/16 v1.13 key=value parser (DPC)
\KV@toks@=\toks19
)
(/usr/local/texlive/2012/texmf-dist/tex/generic/oberdiek/ifpdf.sty
Package: ifpdf 2011/01/30 v2.3 Provides the ifpdf switch (HO)
Package ifpdf Info: pdfTeX in PDF mode is detected.
)
(/usr/local/texlive/2012/texmf-dist/tex/generic/oberdiek/ifvtex.sty
Package: ifvtex 2010/03/01 v1.5 Detect VTeX and its facilities (HO)
Package ifvtex Info: VTeX not detected.
)
(/usr/local/texlive/2012/texmf-dist/tex/generic/ifxetex/ifxetex.sty
Package: ifxetex 2010/09/12 v0.6 Provides ifxetex conditional
)
\Gm@cnth=\count90
\Gm@cntv=\count91
\c@Gm@tempcnt=\count92
\Gm@bindingoffset=\dimen103
\Gm@wd@mp=\dimen104
\Gm@odd@mp=\dimen105
\Gm@even@mp=\dimen106
\Gm@layoutwidth=\dimen107
\Gm@layoutheight=\dimen108
\Gm@layouthoffset=\dimen109
\Gm@layoutvoffset=\dimen110
\Gm@dimlist=\toks20
)
(/usr/local/texlive/2012/texmf-dist/tex/generic/babel/babel.sty
Package: babel 2008/07/08 v3.8m The Babel package

(/usr/local/texlive/2012/texmf-dist/tex/generic/babel/frenchb.ldf
Language: frenchb 2010/08/21 v2.5a French support from the babel system

(/usr/local/texlive/2012/texmf-dist/tex/generic/babel/babel.def
File: babel.def 2008/07/08 v3.8m Babel common definitions
\babel@savecnt=\count93
\U@D=\dimen111
)
Package babel Info: Making : an active character on input line 234.
Package babel Info: Making ; an active character on input line 235.
Package babel Info: Making ! an active character on input line 236.
Package babel Info: Making ? an active character on input line 237.
\FB@Mht=\dimen112
\std@mcc=\count94
\dec@mcc=\count95
\parindentFFN=\dimen113

*************************************
* Local config file frenchb.cfg used
*
(/usr/local/texlive/2012/texmf-dist/tex/generic/babel/frenchb.cfg)))
(/usr/local/texlive/2012/texmf-dist/tex/latex/carlisle/scalefnt.sty)
(/usr/local/texlive/2012/texmf-dist/tex/latex/graphics/graphicx.sty
Package: graphicx 1999/02/16 v1.0f Enhanced LaTeX Graphics (DPC,SPQR)

(/usr/local/texlive/2012/texmf-dist/tex/latex/graphics/graphics.sty
Package: graphics 2009/02/05 v1.0o Standard LaTeX Graphics (DPC,SPQR)

(/usr/local/texlive/2012/texmf-dist/tex/latex/graphics/trig.sty
Package: trig 1999/03/16 v1.09 sin cos tan (DPC)
)
(/usr/local/texlive/2012/texmf-dist/tex/latex/latexconfig/graphics.cfg
File: graphics.cfg 2010/04/23 v1.9 graphics configuration of TeX Live
)
Package graphics Info: Driver file: pdftex.def on input line 91.
)
\Gin@req@height=\dimen114
\Gin@req@width=\dimen115
)
(/usr/local/texlive/2012/texmf-dist/tex/latex/wrapfig/wrapfig.sty
\wrapoverhang=\dimen116
\WF@size=\dimen117
\c@WF@wrappedlines=\count96
\WF@box=\box26
\WF@everypar=\toks21
Package: wrapfig 2003/01/31  v 3.6
)
(/usr/local/texlive/2012/texmf-dist/tex/latex/oberdiek/listingsutf8.sty
Package: listingsutf8 2011/11/10 v1.2 Allow UTF-8 in listings input (HO)

(/usr/local/texlive/2012/texmf-dist/tex/latex/listings/listings.sty
\lst@mode=\count97
\lst@gtempboxa=\box27
\lst@token=\toks22
\lst@length=\count98
\lst@currlwidth=\dimen118
\lst@column=\count99
\lst@pos=\count100
\lst@lostspace=\dimen119
\lst@width=\dimen120
\lst@newlines=\count101
\lst@lineno=\count102
\lst@maxwidth=\dimen121

(/usr/local/texlive/2012/texmf-dist/tex/latex/listings/lstmisc.sty
File: lstmisc.sty 2007/02/22 1.4 (Carsten Heinz)
\c@lstnumber=\count103
\lst@skipnumbers=\count104
\lst@framebox=\box28
)
(/usr/local/texlive/2012/texmf-dist/tex/latex/listings/listings.cfg
File: listings.cfg 2007/02/22 1.4 listings configuration
))
Package: listings 2007/02/22 1.4 (Carsten Heinz)

(/usr/local/texlive/2012/texmf-dist/tex/generic/oberdiek/pdftexcmds.sty
Package: pdftexcmds 2011/11/29 v0.20 Utility functions of pdfTeX for LuaTeX (HO
)

(/usr/local/texlive/2012/texmf-dist/tex/generic/oberdiek/ifluatex.sty
Package: ifluatex 2010/03/01 v1.3 Provides the ifluatex switch (HO)
Package ifluatex Info: LuaTeX not detected.
)
Package pdftexcmds Info: LuaTeX not detected.
Package pdftexcmds Info: \pdf@primitive is available.
Package pdftexcmds Info: \pdf@ifprimitive is available.
Package pdftexcmds Info: \pdfdraftmode found.
)
(/usr/local/texlive/2012/texmf-dist/tex/generic/oberdiek/stringenc.sty
Package: stringenc 2011/12/02 v1.10 Convert strings between diff. encodings (HO
)

(/usr/local/texlive/2012/texmf-dist/tex/generic/oberdiek/pdfescape.sty
Package: pdfescape 2011/11/25 v1.13 Implements pdfTeX's escape features (HO)
)))
(/usr/local/texlive/2012/texmf-dist/tex/latex/pdfpages/pdfpages.sty
Package: pdfpages 2012/04/03 v0.4s Insert pages of external PDF documents (AM)

(/usr/local/texlive/2012/texmf-dist/tex/latex/base/ifthen.sty
Package: ifthen 2001/05/26 v1.1c Standard LaTeX ifthen package (DPC)
)
(/usr/local/texlive/2012/texmf-dist/tex/latex/tools/calc.sty
Package: calc 2007/08/22 v4.3 Infix arithmetic (KKT,FJ)
\calc@Acount=\count105
\calc@Bcount=\count106
\calc@Adimen=\dimen122
\calc@Bdimen=\dimen123
\calc@Askip=\skip43
\calc@Bskip=\skip44
LaTeX Info: Redefining \setlength on input line 76.
LaTeX Info: Redefining \addtolength on input line 77.
\calc@Ccount=\count107
\calc@Cskip=\skip45
)
(/usr/local/texlive/2012/texmf-dist/tex/latex/eso-pic/eso-pic.sty
Package: eso-pic 2010/10/06 v2.0c eso-pic (RN)

(/usr/local/texlive/2012/texmf-dist/tex/generic/oberdiek/atbegshi.sty
Package: atbegshi 2011/10/05 v1.16 At begin shipout hook (HO)
))
(/usr/local/texlive/2012/texmf-dist/tex/latex/pdfpages/pppdftex.def
File: pppdftex.def 2012/04/03 v0.4s Pdfpages driver for pdfTeX (AM)
)
\AM@pagebox=\box29
\AM@toc@title=\toks23
\c@AM@survey=\count108
\AM@templatesizebox=\box30
)
(/usr/local/texlive/2012/texmf-dist/tex/latex/amsmath/amsmath.sty
Package: amsmath 2000/07/18 v2.13 AMS math features
\@mathmargin=\skip46

For additional information on amsmath, use the `?' option.
(/usr/local/texlive/2012/texmf-dist/tex/latex/amsmath/amstext.sty
Package: amstext 2000/06/29 v2.01

(/usr/local/texlive/2012/texmf-dist/tex/latex/amsmath/amsgen.sty
File: amsgen.sty 1999/11/30 v2.0
\@emptytoks=\toks24
\ex@=\dimen124
))
(/usr/local/texlive/2012/texmf-dist/tex/latex/amsmath/amsbsy.sty
Package: amsbsy 1999/11/29 v1.2d
\pmbraise@=\dimen125
)
(/usr/local/texlive/2012/texmf-dist/tex/latex/amsmath/amsopn.sty
Package: amsopn 1999/12/14 v2.01 operator names
)
\inf@bad=\count109
LaTeX Info: Redefining \frac on input line 211.
\uproot@=\count110
\leftroot@=\count111
LaTeX Info: Redefining \overline on input line 307.
\classnum@=\count112
\DOTSCASE@=\count113
LaTeX Info: Redefining \ldots on input line 379.
LaTeX Info: Redefining \dots on input line 382.
LaTeX Info: Redefining \cdots on input line 467.
\Mathstrutbox@=\box31
\strutbox@=\box32
\big@size=\dimen126
LaTeX Font Info:    Redeclaring font encoding OML on input line 567.
LaTeX Font Info:    Redeclaring font encoding OMS on input line 568.
\macc@depth=\count114
\c@MaxMatrixCols=\count115
\dotsspace@=\muskip10
\c@parentequation=\count116
\dspbrk@lvl=\count117
\tag@help=\toks25
\row@=\count118
\column@=\count119
\maxfields@=\count120
\andhelp@=\toks26
\eqnshift@=\dimen127
\alignsep@=\dimen128
\tagshift@=\dimen129
\tagwidth@=\dimen130
\totwidth@=\dimen131
\lineht@=\dimen132
\@envbody=\toks27
\multlinegap=\skip47
\multlinetaggap=\skip48
\mathdisplay@stack=\toks28
LaTeX Info: Redefining \[ on input line 2666.
LaTeX Info: Redefining \] on input line 2667.
)
(/usr/local/texlive/2012/texmf-dist/tex/latex/enumitem/enumitem.sty
Package: enumitem 2011/09/28 v3.5.2 Customized lists
\labelindent=\skip49
\enit@outerparindent=\dimen133
\enit@toks=\toks29
\enit@inbox=\box33
\enitdp@description=\count121
)
(/usr/local/texlive/2012/texmf-dist/tex/latex/tools/verbatim.sty
Package: verbatim 2003/08/22 v1.5q LaTeX2e package for verbatim enhancements
\every@verbatim=\toks30
\verbatim@line=\toks31
\verbatim@in@stream=\read1
)
(./rapport.aux)
\openout1 = `rapport.aux'.

LaTeX Font Info:    Checking defaults for OML/cmm/m/it on input line 28.
LaTeX Font Info:    ... okay on input line 28.
LaTeX Font Info:    Checking defaults for T1/cmr/m/n on input line 28.
LaTeX Font Info:    ... okay on input line 28.
LaTeX Font Info:    Checking defaults for OT1/cmr/m/n on input line 28.
LaTeX Font Info:    ... okay on input line 28.
LaTeX Font Info:    Checking defaults for OMS/cmsy/m/n on input line 28.
LaTeX Font Info:    ... okay on input line 28.
LaTeX Font Info:    Checking defaults for OMX/cmex/m/n on input line 28.
LaTeX Font Info:    ... okay on input line 28.
LaTeX Font Info:    Checking defaults for U/cmr/m/n on input line 28.
LaTeX Font Info:    ... okay on input line 28.

(/usr/local/texlive/2012/texmf-dist/tex/context/base/supp-pdf.mkii
[Loading MPS to PDF converter (version 2006.09.02).]
\scratchcounter=\count122
\scratchdimen=\dimen134
\scratchbox=\box34
\nofMPsegments=\count123
\nofMParguments=\count124
\everyMPshowfont=\toks32
\MPscratchCnt=\count125
\MPscratchDim=\dimen135
\MPnumerator=\count126
\makeMPintoPDFobject=\count127
\everyMPtoPDFconversion=\toks33
) (/usr/local/texlive/2012/texmf-dist/tex/latex/ucs/ucsencs.def
File: ucsencs.def 2011/01/21 Fixes to fontencodings LGR, T3
)
*geometry* driver: auto-detecting
*geometry* detected driver: pdftex
*geometry* verbose mode - [ preamble ] result:
* driver: pdftex
* paper: <default>
* layout: <same size as paper>
* layoutoffset:(h,v)=(0.0pt,0.0pt)
* modes: 
* h-part:(L,W,R)=(92.14519pt, 430.00462pt, 92.14519pt)
* v-part:(T,H,B)=(95.39737pt, 556.47656pt, 143.09605pt)
* \paperwidth=614.295pt
* \paperheight=794.96999pt
* \textwidth=430.00462pt
* \textheight=556.47656pt
* \oddsidemargin=19.8752pt
* \evensidemargin=19.8752pt
* \topmargin=-13.87262pt
* \headheight=12.0pt
* \headsep=25.0pt
* \topskip=10.0pt
* \footskip=30.0pt
* \marginparwidth=65.0pt
* \marginparsep=11.0pt
* \columnsep=10.0pt
* \skip\footins=9.0pt plus 4.0pt minus 2.0pt
* \hoffset=0.0pt
* \voffset=0.0pt
* \mag=1000
* \@twocolumnfalse
* \@twosidefalse
* \@mparswitchfalse
* \@reversemarginfalse
* (1in=72.27pt=25.4mm, 1cm=28.453pt)

LaTeX Info: Redefining \degres on input line 28.
LaTeX Info: Redefining \dots on input line 28.

Package frenchb.ldf Warning: Setting CompactItemize=false for compatibility
(frenchb.ldf)                with enumitem package, on input line 28.

LaTeX Info: Redefining \up on input line 28.
(/usr/local/texlive/2012/texmf-dist/tex/latex/oberdiek/epstopdf-base.sty
Package: epstopdf-base 2010/02/09 v2.5 Base part for package epstopdf

(/usr/local/texlive/2012/texmf-dist/tex/latex/oberdiek/grfext.sty
Package: grfext 2010/08/19 v1.1 Manage graphics extensions (HO)

(/usr/local/texlive/2012/texmf-dist/tex/generic/oberdiek/kvdefinekeys.sty
Package: kvdefinekeys 2011/04/07 v1.3 Define keys (HO)
))
(/usr/local/texlive/2012/texmf-dist/tex/latex/oberdiek/kvoptions.sty
Package: kvoptions 2011/06/30 v3.11 Key value format for package options (HO)

(/usr/local/texlive/2012/texmf-dist/tex/generic/oberdiek/kvsetkeys.sty
Package: kvsetkeys 2012/04/25 v1.16 Key value parser (HO)

(/usr/local/texlive/2012/texmf-dist/tex/generic/oberdiek/etexcmds.sty
Package: etexcmds 2011/02/16 v1.5 Avoid name clashes with e-TeX commands (HO)
Package etexcmds Info: Could not find \expanded.
(etexcmds)             That can mean that you are not using pdfTeX 1.50 or
(etexcmds)             that some package has redefined \expanded.
(etexcmds)             In the latter case, load this package earlier.
)))
Package grfext Info: Graphics extension search list:
(grfext)             [.png,.pdf,.jpg,.mps,.jpeg,.jbig2,.jb2,.PNG,.PDF,.JPG,.JPE
G,.JBIG2,.JB2,.eps]
(grfext)             \AppendGraphicsExtensions on input line 452.

(/usr/local/texlive/2012/texmf-dist/tex/latex/latexconfig/epstopdf-sys.cfg
File: epstopdf-sys.cfg 2010/07/13 v1.3 Configuration of (r)epstopdf for TeX Liv
e
))
\c@lstlisting=\count128
\AtBeginShipoutBox=\box35

<logo.jpg, id=1, 1275.76625pt x 396.48125pt>
File: logo.jpg Graphic file (type jpg)
 <use logo.jpg>
Package pdftex.def Info: logo.jpg used on input line 31.
(pdftex.def)             Requested size: 127.58409pt x 39.65044pt.

(/usr/local/texlive/2012/texmf-dist/tex/latex/ucs/data/uni-0.def
File: uni-0.def 2012/04/20 UCS: Unicode data U+0000..U+00FF
) [1

{/usr/local/texlive/2012/texmf-var/fonts/map/pdftex/updmap/pdftex.map} <./logo.
jpg>]
(./rapport.toc)
\tf@toc=\write3
\openout3 = `rapport.toc'.

 [1

]
Chapitre 1.

Underfull \hbox (badness 10000) in paragraph at lines 60--64

 []


Underfull \hbox (badness 10000) in paragraph at lines 60--64

 []


Underfull \hbox (badness 10000) in paragraph at lines 60--64

 []

[2

]
Chapitre 2.

Underfull \hbox (badness 10000) in paragraph at lines 67--75

 []


Underfull \hbox (badness 10000) in paragraph at lines 67--75

 []


Underfull \hbox (badness 10000) in paragraph at lines 67--75

 []


Underfull \hbox (badness 10000) in paragraph at lines 67--75

 []


Underfull \hbox (badness 10000) in paragraph at lines 77--84

 []


Underfull \hbox (badness 10000) in paragraph at lines 77--84

 []

[3

] (/usr/local/texlive/2012/texmf-dist/tex/latex/base/latin1.def
File: latin1.def 2008/03/30 v1.1d Input encoding file
)
Underfull \hbox (badness 10000) in paragraph at lines 93--97

 []

(/usr/local/texlive/2012/texmf-dist/tex/latex/base/latin1.def
File: latin1.def 2008/03/30 v1.1d Input encoding file
)
Overfull \hbox (13.89037pt too wide) in paragraph at lines 99--100
[][][][][][][][][][][][][][][][][][][][][][][][][] 
 []

(/usr/local/texlive/2012/texmf-dist/tex/latex/base/latin1.def
File: latin1.def 2008/03/30 v1.1d Input encoding file
)
(/usr/local/texlive/2012/texmf-dist/tex/latex/ucs/data/uni-32.def
File: uni-32.def 2012/04/20 UCS: Unicode data U+2000..U+20FF
)
<./img/github.png, id=24, 936.49875pt x 309.155pt>
File: ./img/github.png Graphic file (type png)
 <use ./img/github.png>
Package pdftex.def Info: ./img/github.png used on input line 119.
(pdftex.def)             Requested size: 468.24823pt x 154.57712pt.

Overfull \hbox (38.2436pt too wide) in paragraph at lines 119--120
[][] 
 []

[4] [5 <./img/github.png>]
Chapitre 3.

Underfull \hbox (badness 10000) in paragraph at lines 134--136

 []


Underfull \hbox (badness 10000) in paragraph at lines 137--140

 []

(/usr/local/texlive/2012/texmf-dist/tex/latex/base/latin1.def
File: latin1.def 2008/03/30 v1.1d Input encoding file
) [6

]
(/usr/local/texlive/2012/texmf-dist/tex/latex/base/latin1.def
File: latin1.def 2008/03/30 v1.1d Input encoding file
)
Underfull \hbox (badness 10000) in paragraph at lines 162--165

 []


Underfull \hbox (badness 10000) in paragraph at lines 162--165

 []


Underfull \hbox (badness 10000) in paragraph at lines 166--169

 []


Underfull \hbox (badness 10000) in paragraph at lines 166--169

 []

(/usr/local/texlive/2012/texmf-dist/tex/latex/base/latin1.def
File: latin1.def 2008/03/30 v1.1d Input encoding file
)
Underfull \hbox (badness 10000) in paragraph at lines 178--181

 []


Underfull \hbox (badness 10000) in paragraph at lines 178--181

 []

(/usr/local/texlive/2012/texmf-dist/tex/latex/base/latin1.def
File: latin1.def 2008/03/30 v1.1d Input encoding file
) [7]
Overfull \hbox (19.88895pt too wide) in paragraph at lines 183--184
[][][][][][][][][][][][][][][][][] 
 []

(/usr/local/texlive/2012/texmf-dist/tex/latex/base/latin1.def
File: latin1.def 2008/03/30 v1.1d Input encoding file
)
Underfull \hbox (badness 10000) in paragraph at lines 193--195

 []

(/usr/local/texlive/2012/texmf-dist/tex/latex/base/latin1.def
File: latin1.def 2008/03/30 v1.1d Input encoding file
)
(/usr/local/texlive/2012/texmf-dist/tex/latex/base/latin1.def
File: latin1.def 2008/03/30 v1.1d Input encoding file
) [8]
(/usr/local/texlive/2012/texmf-dist/tex/latex/base/latin1.def
File: latin1.def 2008/03/30 v1.1d Input encoding file
)
LaTeX Font Info:    Try loading font information for OMS+cmr on input line 231.


(/usr/local/texlive/2012/texmf-dist/tex/latex/base/omscmr.fd
File: omscmr.fd 1999/05/25 v2.5h Standard LaTeX font definitions
)
LaTeX Font Info:    Font shape `OMS/cmr/m/n' in size <10> not available
(Font)              Font shape `OMS/cmsy/m/n' tried instead on input line 231.

(/usr/local/texlive/2012/texmf-dist/tex/latex/base/latin1.def
File: latin1.def 2008/03/30 v1.1d Input encoding file
) [9]
<./img/palanquee1.png, id=48, 145.54375pt x 72.27pt>
File: ./img/palanquee1.png Graphic file (type png)

<use ./img/palanquee1.png>
Package pdftex.def Info: ./img/palanquee1.png used on input line 255.
(pdftex.def)             Requested size: 101.87991pt x 50.58864pt.

<./img/palanquee2.png, id=49, 131.49126pt x 59.22125pt>
File: ./img/palanquee2.png Graphic file (type png)

<use ./img/palanquee2.png>
Package pdftex.def Info: ./img/palanquee2.png used on input line 263.
(pdftex.def)             Requested size: 92.04324pt x 41.45457pt.

Underfull \hbox (badness 10000) in paragraph at lines 251--267

 []


Underfull \hbox (badness 10000) in paragraph at lines 268--269

 []


Underfull \hbox (badness 10000) in paragraph at lines 268--269

 []

[10 <./img/palanquee1.png> <./img/palanquee2.png>]
Chapitre 4.

Underfull \hbox (badness 10000) in paragraph at lines 280--281

 []


Underfull \hbox (badness 10000) in paragraph at lines 282--283

 []


Underfull \hbox (badness 10000) in paragraph at lines 282--283

 []


Underfull \hbox (badness 10000) in paragraph at lines 284--285

 []


Underfull \hbox (badness 10000) in paragraph at lines 286--289

 []


Underfull \hbox (badness 10000) in paragraph at lines 286--289

 []

[11

]
Underfull \hbox (badness 10000) in paragraph at lines 290--291

 []

(/usr/local/texlive/2012/texmf-dist/tex/latex/base/latin1.def
File: latin1.def 2008/03/30 v1.1d Input encoding file
)
(/usr/local/texlive/2012/texmf-dist/tex/latex/base/latin1.def
File: latin1.def 2008/03/30 v1.1d Input encoding file
)
Underfull \hbox (badness 10000) in paragraph at lines 308--309

 []


Underfull \hbox (badness 10000) in paragraph at lines 308--309

 []

[12]
Underfull \hbox (badness 10000) in paragraph at lines 316--317

 []

(/usr/local/texlive/2012/texmf-dist/tex/latex/base/latin1.def
File: latin1.def 2008/03/30 v1.1d Input encoding file
)
Underfull \hbox (badness 10000) in paragraph at lines 338--339

 []


Underfull \hbox (badness 10000) in paragraph at lines 340--341

 []

(/usr/local/texlive/2012/texmf-dist/tex/latex/base/latin1.def
File: latin1.def 2008/03/30 v1.1d Input encoding file
) [13]
(/usr/local/texlive/2012/texmf-dist/tex/latex/base/latin1.def
File: latin1.def 2008/03/30 v1.1d Input encoding file
)
Underfull \hbox (badness 10000) in paragraph at lines 370--371

 []

[14]
Chapitre 5.
(/usr/local/texlive/2012/texmf-dist/tex/latex/base/latin1.def
File: latin1.def 2008/03/30 v1.1d Input encoding file
) [15

]
<./img/article.png, id=69, 582.175pt x 242.9075pt>
File: ./img/article.png Graphic file (type png)
 <use ./img/article.png>
Package pdftex.def Info: ./img/article.png used on input line 401.
(pdftex.def)             Requested size: 407.51973pt x 170.03407pt.

[16 <./img/article.png>]
Chapitre 6.
(/usr/local/texlive/2012/texmf-dist/tex/latex/base/latin1.def
File: latin1.def 2008/03/30 v1.1d Input encoding file
)
(/usr/local/texlive/2012/texmf-dist/tex/latex/base/latin1.def
File: latin1.def 2008/03/30 v1.1d Input encoding file
)
(/usr/local/texlive/2012/texmf-dist/tex/latex/base/latin1.def
File: latin1.def 2008/03/30 v1.1d Input encoding file
) [17

]
Chapitre 7.

Underfull \hbox (badness 10000) in paragraph at lines 439--442

 []


Underfull \hbox (badness 10000) in paragraph at lines 439--442

 []

[18

]
Chapitre 8.
[19

] (./rapport.aux) ) 
Here is how much of TeX's memory you used:
 7561 strings out of 493488
 106515 string characters out of 3141326
 195502 words of memory out of 3000000
 10691 multiletter control sequences out of 15000+200000
 14081 words of font info for 29 fonts, out of 3000000 for 9000
 957 hyphenation exceptions out of 8191
 38i,8n,34p,630b,2022s stack positions out of 5000i,500n,10000p,200000b,50000s
{/usr/local/texlive/2012/texmf-dist/fonts/enc/dvips/cm-super
/cm-super-t1.enc}</usr/local/texlive/2012/texmf-dist/fonts/type1/public/amsfont
s/cm/cmsy10.pfb></usr/local/texlive/2012/texmf-dist/fonts/type1/public/cm-super
/sfbx1000.pfb></usr/local/texlive/2012/texmf-dist/fonts/type1/public/cm-super/s
fbx1200.pfb></usr/local/texlive/2012/texmf-dist/fonts/type1/public/cm-super/sfb
x1440.pfb></usr/local/texlive/2012/texmf-dist/fonts/type1/public/cm-super/sfbx1
728.pfb></usr/local/texlive/2012/texmf-dist/fonts/type1/public/cm-super/sfbx207
4.pfb></usr/local/texlive/2012/texmf-dist/fonts/type1/public/cm-super/sfbx2488.
pfb></usr/local/texlive/2012/texmf-dist/fonts/type1/public/cm-super/sfcc1000.pf
b></usr/local/texlive/2012/texmf-dist/fonts/type1/public/cm-super/sfrm1000.pfb>
</usr/local/texlive/2012/texmf-dist/fonts/type1/public/cm-super/sfrm1200.pfb></
usr/local/texlive/2012/texmf-dist/fonts/type1/public/cm-super/sfrm1440.pfb></us
r/local/texlive/2012/texmf-dist/fonts/type1/public/cm-super/sfsl1000.pfb>
Output written on rapport.pdf (20 pages, 438203 bytes).
PDF statistics:
 123 PDF objects out of 1000 (max. 8388607)
 83 compressed objects within 1 object stream
 0 named destinations out of 1000 (max. 500000)
 26 words of extra memory for PDF output out of 10000 (max. 10000000)

